  GameDataManager.cpp
  Note: including file: c:\users\jens\documents\school\schooljaar 2017 & 2018\sfml\game_sfml\wip\game\game\jengine\source files\../Header Files/GameDataManager.h
  Note: including file:  C:\Program Files (x86)\Microsoft Visual Studio\2017\Community\VC\Tools\MSVC\14.10.25017\include\iostream
  Note: including file:   C:\Program Files (x86)\Microsoft Visual Studio\2017\Community\VC\Tools\MSVC\14.10.25017\include\istream
  Note: including file:    C:\Program Files (x86)\Microsoft Visual Studio\2017\Community\VC\Tools\MSVC\14.10.25017\include\ostream
  Note: including file:     C:\Program Files (x86)\Microsoft Visual Studio\2017\Community\VC\Tools\MSVC\14.10.25017\include\ios
  Note: including file:      C:\Program Files (x86)\Microsoft Visual Studio\2017\Community\VC\Tools\MSVC\14.10.25017\include\xlocnum
  Note: including file:       C:\Program Files (x86)\Microsoft Visual Studio\2017\Community\VC\Tools\MSVC\14.10.25017\include\climits
  Note: including file:        C:\Program Files (x86)\Microsoft Visual Studio\2017\Community\VC\Tools\MSVC\14.10.25017\include\yvals.h
  Note: including file:         C:\Program Files (x86)\Microsoft Visual Studio\2017\Community\VC\Tools\MSVC\14.10.25017\include\xkeycheck.h
  Note: including file:         C:\Program Files (x86)\Microsoft Visual Studio\2017\Community\VC\Tools\MSVC\14.10.25017\include\crtdefs.h
  Note: including file:          C:\Program Files (x86)\Microsoft Visual Studio\2017\Community\VC\Tools\MSVC\14.10.25017\include\vcruntime.h
  Note: including file:           C:\Program Files (x86)\Microsoft Visual Studio\2017\Community\VC\Tools\MSVC\14.10.25017\include\sal.h
  Note: including file:            C:\Program Files (x86)\Microsoft Visual Studio\2017\Community\VC\Tools\MSVC\14.10.25017\include\ConcurrencySal.h
  Note: including file:           C:\Program Files (x86)\Microsoft Visual Studio\2017\Community\VC\Tools\MSVC\14.10.25017\include\vadefs.h
  Note: including file:          C:\Program Files (x86)\Windows Kits\10\Include\10.0.15063.0\ucrt\corecrt.h
  Note: including file:           C:\Program Files (x86)\Microsoft Visual Studio\2017\Community\VC\Tools\MSVC\14.10.25017\include\vcruntime.h
  Note: including file:         C:\Program Files (x86)\Microsoft Visual Studio\2017\Community\VC\Tools\MSVC\14.10.25017\include\use_ansi.h
  Note: including file:        C:\Program Files (x86)\Microsoft Visual Studio\2017\Community\VC\Tools\MSVC\14.10.25017\include\limits.h
  Note: including file:         C:\Program Files (x86)\Microsoft Visual Studio\2017\Community\VC\Tools\MSVC\14.10.25017\include\vcruntime.h
  Note: including file:       C:\Program Files (x86)\Microsoft Visual Studio\2017\Community\VC\Tools\MSVC\14.10.25017\include\cmath
  Note: including file:        C:\Program Files (x86)\Microsoft Visual Studio\2017\Community\VC\Tools\MSVC\14.10.25017\include\cstdlib
  Note: including file:         C:\Program Files (x86)\Windows Kits\10\Include\10.0.15063.0\ucrt\stdlib.h
  Note: including file:          C:\Program Files (x86)\Windows Kits\10\Include\10.0.15063.0\ucrt\corecrt_malloc.h
  Note: including file:          C:\Program Files (x86)\Windows Kits\10\Include\10.0.15063.0\ucrt\corecrt_search.h
  Note: including file:           C:\Program Files (x86)\Windows Kits\10\Include\10.0.15063.0\ucrt\stddef.h
  Note: including file:          C:\Program Files (x86)\Windows Kits\10\Include\10.0.15063.0\ucrt\corecrt_wstdlib.h
  Note: including file:         C:\Program Files (x86)\Windows Kits\10\Include\10.0.15063.0\ucrt\math.h
  Note: including file:          C:\Program Files (x86)\Windows Kits\10\Include\10.0.15063.0\ucrt\corecrt_math.h
  Note: including file:        C:\Program Files (x86)\Microsoft Visual Studio\2017\Community\VC\Tools\MSVC\14.10.25017\include\xtgmath.h
  Note: including file:         C:\Program Files (x86)\Microsoft Visual Studio\2017\Community\VC\Tools\MSVC\14.10.25017\include\xtr1common
  Note: including file:       C:\Program Files (x86)\Microsoft Visual Studio\2017\Community\VC\Tools\MSVC\14.10.25017\include\cstdio
  Note: including file:        C:\Program Files (x86)\Windows Kits\10\Include\10.0.15063.0\ucrt\stdio.h
  Note: including file:         C:\Program Files (x86)\Windows Kits\10\Include\10.0.15063.0\ucrt\corecrt_wstdio.h
  Note: including file:          C:\Program Files (x86)\Windows Kits\10\Include\10.0.15063.0\ucrt\corecrt_stdio_config.h
  Note: including file:       C:\Program Files (x86)\Microsoft Visual Studio\2017\Community\VC\Tools\MSVC\14.10.25017\include\streambuf
  Note: including file:        C:\Program Files (x86)\Microsoft Visual Studio\2017\Community\VC\Tools\MSVC\14.10.25017\include\xiosbase
  Note: including file:         C:\Program Files (x86)\Microsoft Visual Studio\2017\Community\VC\Tools\MSVC\14.10.25017\include\xlocale
  Note: including file:          C:\Program Files (x86)\Microsoft Visual Studio\2017\Community\VC\Tools\MSVC\14.10.25017\include\cstring
  Note: including file:           C:\Program Files (x86)\Windows Kits\10\Include\10.0.15063.0\ucrt\string.h
  Note: including file:            C:\Program Files (x86)\Windows Kits\10\Include\10.0.15063.0\ucrt\corecrt_memory.h
  Note: including file:             C:\Program Files (x86)\Windows Kits\10\Include\10.0.15063.0\ucrt\corecrt_memcpy_s.h
  Note: including file:              C:\Program Files (x86)\Windows Kits\10\Include\10.0.15063.0\ucrt\errno.h
  Note: including file:              C:\Program Files (x86)\Microsoft Visual Studio\2017\Community\VC\Tools\MSVC\14.10.25017\include\vcruntime_string.h
  Note: including file:               C:\Program Files (x86)\Microsoft Visual Studio\2017\Community\VC\Tools\MSVC\14.10.25017\include\vcruntime.h
  Note: including file:            C:\Program Files (x86)\Windows Kits\10\Include\10.0.15063.0\ucrt\corecrt_wstring.h
  Note: including file:          C:\Program Files (x86)\Microsoft Visual Studio\2017\Community\VC\Tools\MSVC\14.10.25017\include\stdexcept
  Note: including file:           C:\Program Files (x86)\Microsoft Visual Studio\2017\Community\VC\Tools\MSVC\14.10.25017\include\exception
  Note: including file:            C:\Program Files (x86)\Microsoft Visual Studio\2017\Community\VC\Tools\MSVC\14.10.25017\include\type_traits
  Note: including file:             C:\Program Files (x86)\Microsoft Visual Studio\2017\Community\VC\Tools\MSVC\14.10.25017\include\xstddef
  Note: including file:              C:\Program Files (x86)\Microsoft Visual Studio\2017\Community\VC\Tools\MSVC\14.10.25017\include\cstddef
  Note: including file:              C:\Program Files (x86)\Microsoft Visual Studio\2017\Community\VC\Tools\MSVC\14.10.25017\include\initializer_list
  Note: including file:            C:\Program Files (x86)\Windows Kits\10\Include\10.0.15063.0\ucrt\malloc.h
  Note: including file:            C:\Program Files (x86)\Microsoft Visual Studio\2017\Community\VC\Tools\MSVC\14.10.25017\include\vcruntime_exception.h
  Note: including file:             C:\Program Files (x86)\Microsoft Visual Studio\2017\Community\VC\Tools\MSVC\14.10.25017\include\eh.h
  Note: including file:              C:\Program Files (x86)\Windows Kits\10\Include\10.0.15063.0\ucrt\corecrt_terminate.h
  Note: including file:           C:\Program Files (x86)\Microsoft Visual Studio\2017\Community\VC\Tools\MSVC\14.10.25017\include\xstring
  Note: including file:            C:\Program Files (x86)\Microsoft Visual Studio\2017\Community\VC\Tools\MSVC\14.10.25017\include\xmemory0
  Note: including file:             C:\Program Files (x86)\Microsoft Visual Studio\2017\Community\VC\Tools\MSVC\14.10.25017\include\cstdint
  Note: including file:              C:\Program Files (x86)\Microsoft Visual Studio\2017\Community\VC\Tools\MSVC\14.10.25017\include\stdint.h
  Note: including file:               C:\Program Files (x86)\Microsoft Visual Studio\2017\Community\VC\Tools\MSVC\14.10.25017\include\vcruntime.h
  Note: including file:             C:\Program Files (x86)\Microsoft Visual Studio\2017\Community\VC\Tools\MSVC\14.10.25017\include\limits
  Note: including file:              C:\Program Files (x86)\Microsoft Visual Studio\2017\Community\VC\Tools\MSVC\14.10.25017\include\ymath.h
  Note: including file:              C:\Program Files (x86)\Microsoft Visual Studio\2017\Community\VC\Tools\MSVC\14.10.25017\include\cfloat
  Note: including file:               C:\Program Files (x86)\Windows Kits\10\Include\10.0.15063.0\ucrt\float.h
  Note: including file:              C:\Program Files (x86)\Microsoft Visual Studio\2017\Community\VC\Tools\MSVC\14.10.25017\include\cwchar
  Note: including file:               C:\Program Files (x86)\Windows Kits\10\Include\10.0.15063.0\ucrt\wchar.h
  Note: including file:                C:\Program Files (x86)\Windows Kits\10\Include\10.0.15063.0\ucrt\corecrt_wconio.h
  Note: including file:                C:\Program Files (x86)\Windows Kits\10\Include\10.0.15063.0\ucrt\corecrt_wctype.h
  Note: including file:                C:\Program Files (x86)\Windows Kits\10\Include\10.0.15063.0\ucrt\corecrt_wdirect.h
  Note: including file:                C:\Program Files (x86)\Windows Kits\10\Include\10.0.15063.0\ucrt\corecrt_wio.h
  Note: including file:                 C:\Program Files (x86)\Windows Kits\10\Include\10.0.15063.0\ucrt\corecrt_share.h
  Note: including file:                C:\Program Files (x86)\Windows Kits\10\Include\10.0.15063.0\ucrt\corecrt_wprocess.h
  Note: including file:                C:\Program Files (x86)\Windows Kits\10\Include\10.0.15063.0\ucrt\corecrt_wtime.h
  Note: including file:                C:\Program Files (x86)\Windows Kits\10\Include\10.0.15063.0\ucrt\sys/stat.h
  Note: including file:                 C:\Program Files (x86)\Windows Kits\10\Include\10.0.15063.0\ucrt\sys/types.h
  Note: including file:             C:\Program Files (x86)\Microsoft Visual Studio\2017\Community\VC\Tools\MSVC\14.10.25017\include\new
  Note: including file:              C:\Program Files (x86)\Microsoft Visual Studio\2017\Community\VC\Tools\MSVC\14.10.25017\include\vcruntime_new.h
  Note: including file:               C:\Program Files (x86)\Microsoft Visual Studio\2017\Community\VC\Tools\MSVC\14.10.25017\include\vcruntime.h
  Note: including file:             C:\Program Files (x86)\Microsoft Visual Studio\2017\Community\VC\Tools\MSVC\14.10.25017\include\xutility
  Note: including file:              C:\Program Files (x86)\Microsoft Visual Studio\2017\Community\VC\Tools\MSVC\14.10.25017\include\utility
  Note: including file:               C:\Program Files (x86)\Microsoft Visual Studio\2017\Community\VC\Tools\MSVC\14.10.25017\include\iosfwd
  Note: including file:                C:\Program Files (x86)\Windows Kits\10\Include\10.0.15063.0\ucrt\crtdbg.h
  Note: including file:                 C:\Program Files (x86)\Microsoft Visual Studio\2017\Community\VC\Tools\MSVC\14.10.25017\include\vcruntime_new_debug.h
  Note: including file:             C:\Program Files (x86)\Microsoft Visual Studio\2017\Community\VC\Tools\MSVC\14.10.25017\include\xatomic0.h
  Note: including file:             C:\Program Files (x86)\Microsoft Visual Studio\2017\Community\VC\Tools\MSVC\14.10.25017\include\intrin0.h
  Note: including file:          C:\Program Files (x86)\Microsoft Visual Studio\2017\Community\VC\Tools\MSVC\14.10.25017\include\typeinfo
  Note: including file:           C:\Program Files (x86)\Microsoft Visual Studio\2017\Community\VC\Tools\MSVC\14.10.25017\include\vcruntime_typeinfo.h
  Note: including file:            C:\Program Files (x86)\Microsoft Visual Studio\2017\Community\VC\Tools\MSVC\14.10.25017\include\vcruntime.h
  Note: including file:          C:\Program Files (x86)\Microsoft Visual Studio\2017\Community\VC\Tools\MSVC\14.10.25017\include\xlocinfo
  Note: including file:           C:\Program Files (x86)\Microsoft Visual Studio\2017\Community\VC\Tools\MSVC\14.10.25017\include\xlocinfo.h
  Note: including file:            C:\Program Files (x86)\Windows Kits\10\Include\10.0.15063.0\ucrt\ctype.h
  Note: including file:            C:\Program Files (x86)\Windows Kits\10\Include\10.0.15063.0\ucrt\locale.h
  Note: including file:          C:\Program Files (x86)\Microsoft Visual Studio\2017\Community\VC\Tools\MSVC\14.10.25017\include\xfacet
  Note: including file:         C:\Program Files (x86)\Microsoft Visual Studio\2017\Community\VC\Tools\MSVC\14.10.25017\include\system_error
  Note: including file:          C:\Program Files (x86)\Microsoft Visual Studio\2017\Community\VC\Tools\MSVC\14.10.25017\include\cerrno
  Note: including file:         C:\Program Files (x86)\Windows Kits\10\Include\10.0.15063.0\ucrt\share.h
  Note: including file:  c:\users\jens\documents\school\schooljaar 2017 & 2018\sfml\game_sfml\wip\game\game\jengine\header files\FileWriter.h
  Note: including file:   C:\Program Files (x86)\Microsoft Visual Studio\2017\Community\VC\Tools\MSVC\14.10.25017\include\fstream
  Note: including file:   C:\Program Files (x86)\Microsoft Visual Studio\2017\Community\VC\Tools\MSVC\14.10.25017\include\string
  Note: including file:    C:\Program Files (x86)\Microsoft Visual Studio\2017\Community\VC\Tools\MSVC\14.10.25017\include\xstring_insert.h
  Note: including file:   C:\Program Files (x86)\Microsoft Visual Studio\2017\Community\VC\Tools\MSVC\14.10.25017\include\vector
  Note: including file:    C:\Program Files (x86)\Microsoft Visual Studio\2017\Community\VC\Tools\MSVC\14.10.25017\include\xmemory
  Note: including file:   C:\Program Files (x86)\Microsoft Visual Studio\2017\Community\VC\Tools\MSVC\14.10.25017\include\sstream
  Note: including file:   C:\Program Files (x86)\Microsoft Visual Studio\2017\Community\VC\Tools\MSVC\14.10.25017\include\algorithm
  Note: including file:   C:\Program Files (x86)\Microsoft Visual Studio\2017\Community\VC\Tools\MSVC\14.10.25017\include\iterator
c:\users\jens\documents\school\schooljaar 2017 & 2018\sfml\game_sfml\wip\game\game\jengine\header files\filewriter.h(19): warning C4091: 'static ': ignored on left of 'FileWriter' when no variable is declared
  Game.vcxproj -> C:\Users\Jens\Documents\School\Schooljaar 2017 & 2018\SFML\GAME_SFML\WIP\Game\Debug\Game.exe
  Game.vcxproj -> C:\Users\Jens\Documents\School\Schooljaar 2017 & 2018\SFML\GAME_SFML\WIP\Game\Debug\Game.pdb (Partial PDB)
